Arguments: 
  /Users/zhongbowen/.nvm/versions/node/v8.9.3/bin/node /Users/zhongbowen/.nvm/versions/node/v8.9.3/bin/yarn version

PATH: 
  /Users/zhongbowen/.nvm/versions/node/v8.9.3/bin:/usr/local/bin:/usr/bin:/bin:/usr/sbin:/sbin:/usr/local/git/bin:/Users/zhongbowen/Documents/workspace_Java_essential/apache-maven-3.5.2/bin

Yarn version: 
  1.5.1

Node version: 
  8.9.3

Platform: 
  darwin x64

npm manifest: 
  {
    "name": "react-basic-concept",
    "version": "1.0.0",
    "description": "react basic concept and features",
    "main": "index.js",
    "author": "Bowen Zhong",
    "license": "MIT"
  }

yarn manifest: 
  No manifest

Lockfile: 
  No lockfile

Trace: 
  Error: canceled
      at Interface.<anonymous> (/Users/zhongbowen/.nvm/versions/node/v8.9.3/lib/node_modules/yarn/lib/cli.js:128791:13)
      at emitNone (events.js:106:13)
      at Interface.emit (events.js:208:7)
      at Interface._ttyWrite (readline.js:775:16)
      at ReadStream.onkeypress (readline.js:160:10)
      at emitTwo (events.js:126:13)
      at ReadStream.emit (events.js:214:7)
      at emitKeys (internal/readline.js:420:14)
      at emitKeys.next (<anonymous>)
      at ReadStream.onData (readline.js:1011:36)
